<?xml version="1.0" encoding="UTF-8"?>
<!-- Generated by org.testng.reporters.JUnitReportReporter -->
<testsuite hostname="MAHI" name="com.selenium.tests.PromptExample" tests="1" failures="0" timestamp="22 Jun 2017 02:26:40 GMT" time="16.458" errors="0">
  <testcase name="f" time="16.458" classname="com.selenium.tests.PromptExample"/>
</testsuite> <!-- com.selenium.tests.PromptExample -->
