<?xml version="1.0" encoding="UTF-8"?>
<!-- Generated by org.testng.reporters.JUnitReportReporter -->
<testsuite hostname="MAHI" name="com.selenium.tests.Delete2" tests="1" failures="0" timestamp="1 Jul 2017 14:59:24 GMT" time="0.015" errors="0">
  <testcase name="f" time="0.015" classname="com.selenium.tests.Delete2"/>
</testsuite> <!-- com.selenium.tests.Delete2 -->
