<?xml version="1.0" encoding="UTF-8"?>
<!-- Generated by org.testng.reporters.JUnitReportReporter -->
<testsuite hostname="MAHI" name="com.selenium.tests.JavascriptScroll" tests="1" failures="0" timestamp="29 Jun 2017 03:12:42 GMT" time="10.135" errors="0">
  <testcase name="tc005_webtable" time="10.135" classname="com.selenium.tests.JavascriptScroll"/>
</testsuite> <!-- com.selenium.tests.JavascriptScroll -->
