<?xml version="1.0" encoding="UTF-8"?>
<!-- Generated by org.testng.reporters.JUnitReportReporter -->
<testsuite hostname="MAHI" name="com.selenium.tests.AlertHandle" tests="1" failures="0" timestamp="7 Jul 2017 02:25:50 GMT" time="13.760" errors="0">
  <testcase name="test005_alert" time="13.760" classname="com.selenium.tests.AlertHandle"/>
</testsuite> <!-- com.selenium.tests.AlertHandle -->
