<?xml version="1.0" encoding="UTF-8"?>
<!-- Generated by org.testng.reporters.JUnitReportReporter -->
<testsuite hostname="MAHI" name="com.selenium.tests.FlightFinderTest" tests="1" failures="0" timestamp="21 Jun 2017 02:52:26 GMT" time="13.864" errors="0">
  <testcase name="tc002_flight" time="13.864" classname="com.selenium.tests.FlightFinderTest"/>
</testsuite> <!-- com.selenium.tests.FlightFinderTest -->
