<?xml version="1.0" encoding="UTF-8"?>
<!-- Generated by org.testng.reporters.JUnitReportReporter -->
<testsuite hostname="MAHI" name="com.selenium.tests.Delete" tests="1" failures="0" timestamp="1 Jul 2017 15:09:44 GMT" time="0.019" errors="0">
  <testcase name="f" time="0.019" classname="com.selenium.tests.Delete"/>
</testsuite> <!-- com.selenium.tests.Delete -->
