<?xml version="1.0" encoding="UTF-8"?>
<!-- Generated by org.testng.reporters.JUnitReportReporter -->
<testsuite hostname="MAHI" name="com.selenium.tests.WebTable" tests="1" failures="0" timestamp="29 Jun 2017 02:35:57 GMT" time="23.387" errors="0">
  <testcase name="tc005_webtable" time="23.387" classname="com.selenium.tests.WebTable"/>
</testsuite> <!-- com.selenium.tests.WebTable -->
