<?xml version="1.0" encoding="UTF-8"?>
<!-- Generated by org.testng.reporters.JUnitReportReporter -->
<testsuite hostname="MAHI" name="com.actions.programs.MultiSelect" tests="1" failures="0" timestamp="26 Jun 2017 02:34:14 GMT" time="15.459" errors="0">
  <testcase name="f" time="15.459" classname="com.actions.programs.MultiSelect"/>
</testsuite> <!-- com.actions.programs.MultiSelect -->
