<?xml version="1.0" encoding="UTF-8"?>
<!-- Generated by org.testng.reporters.JUnitReportReporter -->
<testsuite hostname="MAHI" name="com.actions.programs.MouseMover" tests="1" failures="0" timestamp="29 Jun 2017 02:50:10 GMT" time="12.567" errors="0">
  <testcase name="f" time="12.567" classname="com.actions.programs.MouseMover"/>
</testsuite> <!-- com.actions.programs.MouseMover -->
