<?xml version="1.0" encoding="UTF-8"?>
<!-- Generated by org.testng.reporters.JUnitReportReporter -->
<testsuite hostname="MAHI" name="com.selenium.tests.DragDrop" tests="1" failures="0" timestamp="28 Jun 2017 02:17:32 GMT" time="12.629" errors="0">
  <testcase name="tc003_dragdrop" time="12.629" classname="com.selenium.tests.DragDrop"/>
</testsuite> <!-- com.selenium.tests.DragDrop -->
