<?xml version="1.0" encoding="UTF-8"?>
<!-- Generated by org.testng.reporters.JUnitReportReporter -->
<testsuite hostname="MAHI" name="com.selenium.tests.SwitchWindow" tests="1" failures="0" timestamp="7 Jul 2017 02:00:48 GMT" time="26.525" errors="0">
  <testcase name="test006_switch" time="26.525" classname="com.selenium.tests.SwitchWindow"/>
</testsuite> <!-- com.selenium.tests.SwitchWindow -->
